STORAGES:
3136702
3554508

CITIES:
2916104
2510808
4318507
3303203
2307304
2600054
3550308
3545209
3301702
4108809
2704302
2607901
3548906
2707701
3511102
3508504
3304557
2303709
4113700
3530607
3520509
3501608
3525003
2312403
3202405
4203808
2304400
2609600
3549805
3103504
4205456
3548708
1600600
3549904
3547304
2101202
3305752
3170206
3106309
2404200
3106705
4323002
5002704
1502103
3303302
3506003
1718204
3513801
5106505
3303609
4127700
4211306
4202404
4202008
1200401
3512803
3300704
1302603
3548807
2800308
2301901
3551009
4119905
2700300
4304804
3531803
5212501
3522307
3303906
3524709
4122404
4319901
3165537
3302270
4101507
3518800
3508603
2107506
2930774
4303905
2903201
3131703
3303500
3547601
3127701
2929503
3505906
4107652
3302403
3533403
1303569
3143906
3503802
1501709
4219705
2309706
3509007
4208302
4216206
2901106
2702355
3527207
4319000
5208004
4318408
1300300
4125506
3516200
3516309
3534302
1501501
3506508
2304954
4114609
2931350
4117909
3522505
2804805
4216602
2211001
3543402
3526704
2304004
3545803
3205002
3306305
2607208
1501402
4302105
4219507
3304524
2306256
2103000
2109601
3553302
2906501
2412203
2508307
2933307
2918407
3507803
2616407
3124104
4202107
2407104
3510500
1301159
2308005
2613701
2306405
3105400
2924009
4106902
5215231
3106200
5218805
4202305
3136702
1302553
3540200
3551702
4211900
3526902
2408003
5208806
2205508
3507605
1301902
5208608
3170404
4207007
1302504
3531308
3119401
4128104
3144805
1400100
2304285
3201506
2926301
3524402
4314050
3522208
1100122
4118204
2607604
2103307
2910727
4320008
3513009
4309308
3205309
2606200
2611606
